C51 COMPILER V9.59.0.0   BLUEBOOTH                                                         05/23/2025 13:31:30 PAGE 1   


C51 COMPILER V9.59.0.0, COMPILATION OF MODULE BLUEBOOTH
OBJECT MODULE PLACED IN .\Objects\bluebooth.obj
COMPILER INVOKED BY: D:\RoboMaster\SoftWare\MDK537\C51\BIN\C51.EXE bluebooth.c LARGE OPTIMIZE(8,SPEED) BROWSE DEBUG OBJE
                    -CTEXTEND PRINT(.\Listings\bluebooth.lst) OBJECT(.\Objects\bluebooth.obj)

line level    source

   1          #include "bluebooth.h"
   2          
   3          // 串口初始化(蓝牙通信)
   4          void UART_Init()
   5          {
   6   1          TMOD = 0x20;    // 定时器1工作方式2
   7   1          TH1 = 0xFD;     // 波特率9600
   8   1          TL1 = 0xFD;
   9   1          TR1 = 1;        // 启动定时器1
  10   1          
  11   1          SCON = 0x50;    // 串口工作方式1，允许接收
  12   1          ES = 1;         // 允许串口中断
  13   1          EA = 1;         // 开总中断
  14   1      }
  15          
  16          // 发送一个字节
  17          void Bluetooth_SendByte(uchar dat)
  18          {
  19   1          SBUF = dat;
  20   1          while(!TI);
  21   1          TI = 0;
  22   1      }
  23          
  24          // 发送字符串
  25          void Bluetooth_SendString(char *s)
  26          {
  27   1          while(*s)
  28   1          {
  29   2              Bluetooth_SendByte(*s++);
  30   2          }
  31   1      }


MODULE INFORMATION:   STATIC OVERLAYABLE
   CODE SIZE        =     78    ----
   CONSTANT SIZE    =   ----    ----
   XDATA SIZE       =   ----       3
   PDATA SIZE       =   ----    ----
   DATA SIZE        =   ----    ----
   IDATA SIZE       =   ----    ----
   BIT SIZE         =   ----    ----
END OF MODULE INFORMATION.


C51 COMPILATION COMPLETE.  0 WARNING(S),  0 ERROR(S)
