C51 COMPILER V9.59.0.0   MAIN                                                              05/23/2025 13:52:01 PAGE 1   


C51 COMPILER V9.59.0.0, COMPILATION OF MODULE MAIN
OBJECT MODULE PLACED IN .\Objects\main.obj
COMPILER INVOKED BY: D:\RoboMaster\SoftWare\MDK537\C51\BIN\C51.EXE main.c LARGE OPTIMIZE(8,SPEED) BROWSE DEBUG OBJECTEXT
                    -END PRINT(.\Listings\main.lst) OBJECT(.\Objects\main.obj)

line level    source

   1          #include "mpu6050.h"
   2          #include <reg52.h>
   3          #include <stdio.h>
   4          #include <bluebooth.h>
   5          #include "motor.h"
   6          #include "fc.h"
   7          #include "main.h"
   8          
   9          sbit LED2=P0^2;
  10          sbit LED3=P0^3;
  11          sbit M1=P1^0;
  12          sbit M2=P1^1;
  13          sbit M3=P1^2;
  14          sbit M4=P1^3;
  15          
  16          
  17          void Delay_ms(uint ms)
  18          {
  19   1          uint i, j;
  20   1          for(i=0; i<ms; i++)
  21   1              for(j=0; j<110; j++);
  22   1      }
  23          void main()
  24          {
  25   1          short acc_x, acc_y, acc_z;
  26   1          short gyro_x, gyro_y, gyro_z;
  27   1          short temp;
  28   1          char buffer[64];  // 增大缓冲区，以适应更多数据
  29   1      
  30   1          I2C_Init();
  31   1          UART_Init();  // 初始化串口(蓝牙)
  32   1          MPU6050_Init();
  33   1          M1=0;M2=0;M3=0;M4=0;LED2=0;
  34   1          // 蓝牙模块可能需要初始 化时间
  35   1          Delay_ms(1000);
  36   1          Bluetooth_SendString("MPU6050 Data Ready (with Complementary Filter)\r\n");
  37   1          
  38   1          while(1)
  39   1          {
  40   2                              
  41   2              MPU6050_ReadData(&acc_x, &acc_y, &acc_z, &gyro_x, &gyro_y, &gyro_z, &temp);
  42   2      
  43   2              // 发送加速度数据
  44   2              sprintf(buffer, "A:%d,%d,%d", acc_x, acc_y, acc_z);
  45   2              Bluetooth_SendString(buffer);
  46   2              
  47   2              // 发送陀螺仪数据
  48   2              sprintf(buffer, "|G:%d,%d,%d", gyro_x, gyro_y, gyro_z);
  49   2              Bluetooth_SendString(buffer);
  50   2              
  51   2              
  52   2              Delay_ms(100); // 100ms刷新一次（dt = 0.1s）
  53   2          }
  54   1      }
C51 COMPILER V9.59.0.0   MAIN                                                              05/23/2025 13:52:01 PAGE 2   



MODULE INFORMATION:   STATIC OVERLAYABLE
   CODE SIZE        =    314    ----
   CONSTANT SIZE    =     72    ----
   XDATA SIZE       =   ----      78
   PDATA SIZE       =   ----    ----
   DATA SIZE        =   ----    ----
   IDATA SIZE       =   ----    ----
   BIT SIZE         =   ----    ----
END OF MODULE INFORMATION.


C51 COMPILATION COMPLETE.  0 WARNING(S),  0 ERROR(S)
